This is pdfTeX, Version 3.141592653-2.6-1.40.22 (TeX Live 2022/dev/Debian) (preloaded format=pdflatex 2023.4.13)  11 JUL 2023 14:51
entering extended mode
 \write18 enabled.
 file:line:error style messages enabled.
 %&-line parsing enabled.
**/home/baktash/term_6/NLP/Project/repo/latex/Phase2-Report.tex
(/home/baktash/term_6/NLP/Project/repo/latex/Phase2-Report.tex
LaTeX2e <2021-11-15> patch level 1
L3 programming layer <2022-01-21> (/usr/share/texlive/texmf-dist/tex/latex/base/article.cls
Document Class: article 2021/10/04 v1.4n Standard LaTeX document class
(/usr/share/texlive/texmf-dist/tex/latex/base/size10.clo
File: size10.clo 2021/10/04 v1.4n Standard LaTeX file (size option)
)
\c@part=\count185
\c@section=\count186
\c@subsection=\count187
\c@subsubsection=\count188
\c@paragraph=\count189
\c@subparagraph=\count190
\c@figure=\count191
\c@table=\count192
\abovecaptionskip=\skip47
\belowcaptionskip=\skip48
\bibindent=\dimen138
) (/usr/share/texlive/texmf-dist/tex/latex/blindtext/blindtext.sty
Package: blindtext 2012/01/06 V2.0 blindtext-Package
 (/usr/share/texlive/texmf-dist/tex/latex/tools/xspace.sty
Package: xspace 2014/10/28 v1.13 Space after command names (DPC,MH)
)
\c@blindtext=\count193
\c@Blindtext=\count194
\c@blind@countparstart=\count195
\blind@countxx=\count196
\blindtext@numBlindtext=\count197
\blind@countyy=\count198
\c@blindlist=\count199
\c@blindlistlevel=\count266
\c@blindlist@level=\count267
\blind@listitem=\count268
\c@blind@listcount=\count269
\c@blind@levelcount=\count270
\blind@mathformula=\count271
\blind@Mathformula=\count272
\c@blind@randomcount=\count273
\c@blind@randommax=\count274
\c@blind@pangramcount=\count275
\c@blind@pangrammax=\count276
) (/usr/share/texlive/texmf-dist/tex/latex/csvsimple/csvsimple.sty (/usr/share/texlive/texmf-dist/tex/latex/l3packages/l3keys2e/l3keys2e.sty (/usr/share/texlive/texmf-dist/tex/latex/l3kernel/expl3.sty
Package: expl3 2022-01-21 L3 programming layer (loader) 
 (/usr/share/texlive/texmf-dist/tex/latex/l3backend/l3backend-pdftex.def
File: l3backend-pdftex.def 2022-01-12 L3 backend support: PDF output (pdfTeX)
\l__color_backend_stack_int=\count277
\l__pdf_internal_box=\box50
))
Package: l3keys2e 2022-01-12 LaTeX2e option processing using LaTeX3 keys
)
Package: csvsimple 2022/02/01 v2.3.0 LaTeX CSV file processing
) (/usr/share/texlive/texmf-dist/tex/latex/csvsimple/csvsimple-legacy.sty
Package: csvsimple-legacy 2022/02/01 version 2.3.0 LaTeX2e CSV file processing
 (/usr/share/texlive/texmf-dist/tex/latex/pgf/utilities/pgfrcs.sty (/usr/share/texlive/texmf-dist/tex/generic/pgf/utilities/pgfutil-common.tex
\pgfutil@everybye=\toks16
\pgfutil@tempdima=\dimen139
\pgfutil@tempdimb=\dimen140
 (/usr/share/texlive/texmf-dist/tex/generic/pgf/utilities/pgfutil-common-lists.tex)) (/usr/share/texlive/texmf-dist/tex/generic/pgf/utilities/pgfutil-latex.def
\pgfutil@abb=\box51
) (/usr/share/texlive/texmf-dist/tex/generic/pgf/utilities/pgfrcs.code.tex (/usr/share/texlive/texmf-dist/tex/generic/pgf/pgf.revision.tex)
Package: pgfrcs 2021/05/15 v3.1.9a (3.1.9a)
)) (/usr/share/texlive/texmf-dist/tex/latex/pgf/utilities/pgfkeys.sty (/usr/share/texlive/texmf-dist/tex/generic/pgf/utilities/pgfkeys.code.tex
\pgfkeys@pathtoks=\toks17
\pgfkeys@temptoks=\toks18
 (/usr/share/texlive/texmf-dist/tex/generic/pgf/utilities/pgfkeysfiltered.code.tex
\pgfkeys@tmptoks=\toks19
))) (/usr/share/texlive/texmf-dist/tex/latex/base/ifthen.sty
Package: ifthen 2020/11/24 v1.1c Standard LaTeX ifthen package (DPC)
) (/usr/share/texlive/texmf-dist/tex/latex/etoolbox/etoolbox.sty
Package: etoolbox 2020/10/05 v2.5k e-TeX tools for LaTeX (JAW)
\etb@tempcnta=\count278
) (/usr/share/texlive/texmf-dist/tex/latex/tools/shellesc.sty
Package: shellesc 2019/11/08 v1.0c unified shell escape interface for LaTeX
Package shellesc Info: Unrestricted shell escape enabled on input line 75.
)
\csv@file=\read2
\c@csvinputline=\count279
\c@csvrow=\count280
\c@csvcol=\count281
\csv@out=\write3
) (/usr/share/texlive/texmf-dist/tex/latex/graphics/graphicx.sty
Package: graphicx 2021/09/16 v1.2d Enhanced LaTeX Graphics (DPC,SPQR)
 (/usr/share/texlive/texmf-dist/tex/latex/graphics/keyval.sty
Package: keyval 2014/10/28 v1.15 key=value parser (DPC)
\KV@toks@=\toks20
) (/usr/share/texlive/texmf-dist/tex/latex/graphics/graphics.sty
Package: graphics 2021/03/04 v1.4d Standard LaTeX Graphics (DPC,SPQR)
 (/usr/share/texlive/texmf-dist/tex/latex/graphics/trig.sty
Package: trig 2021/08/11 v1.11 sin cos tan (DPC)
) (/usr/share/texlive/texmf-dist/tex/latex/graphics-cfg/graphics.cfg
File: graphics.cfg 2016/06/04 v1.11 sample graphics configuration
)
Package graphics Info: Driver file: pdftex.def on input line 107.
 (/usr/share/texlive/texmf-dist/tex/latex/graphics-def/pdftex.def
File: pdftex.def 2020/10/05 v1.2a Graphics/color driver for pdftex
))
\Gin@req@height=\dimen141
\Gin@req@width=\dimen142
) (/usr/share/texlive/texmf-dist/tex/latex/placeins/placeins.sty
Package: placeins 2005/04/18  v 2.2
) (/usr/share/texlive/texmf-dist/tex/latex/hyperref/hyperref.sty
Package: hyperref 2021-06-07 v7.00m Hypertext links for LaTeX
 (/usr/share/texlive/texmf-dist/tex/generic/ltxcmds/ltxcmds.sty
Package: ltxcmds 2020-05-10 v1.25 LaTeX kernel commands for general use (HO)
) (/usr/share/texlive/texmf-dist/tex/generic/iftex/iftex.sty
Package: iftex 2020/03/06 v1.0d TeX engine tests
) (/usr/share/texlive/texmf-dist/tex/generic/pdftexcmds/pdftexcmds.sty
Package: pdftexcmds 2020-06-27 v0.33 Utility functions of pdfTeX for LuaTeX (HO)
 (/usr/share/texlive/texmf-dist/tex/generic/infwarerr/infwarerr.sty
Package: infwarerr 2019/12/03 v1.5 Providing info/warning/error messages (HO)
)
Package pdftexcmds Info: \pdf@primitive is available.
Package pdftexcmds Info: \pdf@ifprimitive is available.
Package pdftexcmds Info: \pdfdraftmode found.
) (/usr/share/texlive/texmf-dist/tex/generic/kvsetkeys/kvsetkeys.sty
Package: kvsetkeys 2019/12/15 v1.18 Key value parser (HO)
) (/usr/share/texlive/texmf-dist/tex/generic/kvdefinekeys/kvdefinekeys.sty
Package: kvdefinekeys 2019-12-19 v1.6 Define keys (HO)
) (/usr/share/texlive/texmf-dist/tex/generic/pdfescape/pdfescape.sty
Package: pdfescape 2019/12/09 v1.15 Implements pdfTeX's escape features (HO)
) (/usr/share/texlive/texmf-dist/tex/latex/hycolor/hycolor.sty
Package: hycolor 2020-01-27 v1.10 Color options for hyperref/bookmark (HO)
) (/usr/share/texlive/texmf-dist/tex/latex/letltxmacro/letltxmacro.sty
Package: letltxmacro 2019/12/03 v1.6 Let assignment for LaTeX macros (HO)
) (/usr/share/texlive/texmf-dist/tex/latex/auxhook/auxhook.sty
Package: auxhook 2019-12-17 v1.6 Hooks for auxiliary files (HO)
) (/usr/share/texlive/texmf-dist/tex/latex/kvoptions/kvoptions.sty
Package: kvoptions 2020-10-07 v3.14 Key value format for package options (HO)
)
\@linkdim=\dimen143
\Hy@linkcounter=\count282
\Hy@pagecounter=\count283
 (/usr/share/texlive/texmf-dist/tex/latex/hyperref/pd1enc.def
File: pd1enc.def 2021-06-07 v7.00m Hyperref: PDFDocEncoding definition (HO)
Now handling font encoding PD1 ...
... no UTF-8 mapping file for font encoding PD1
) (/usr/share/texlive/texmf-dist/tex/latex/hyperref/hyperref-langpatches.def
File: hyperref-langpatches.def 2021-06-07 v7.00m Hyperref: patches for babel languages
) (/usr/share/texlive/texmf-dist/tex/generic/intcalc/intcalc.sty
Package: intcalc 2019/12/15 v1.3 Expandable calculations with integers (HO)
) (/usr/share/texlive/texmf-dist/tex/generic/etexcmds/etexcmds.sty
Package: etexcmds 2019/12/15 v1.7 Avoid name clashes with e-TeX commands (HO)
)
\Hy@SavedSpaceFactor=\count284
 (/usr/share/texlive/texmf-dist/tex/latex/hyperref/puenc.def
File: puenc.def 2021-06-07 v7.00m Hyperref: PDF Unicode definition (HO)
Now handling font encoding PU ...
... no UTF-8 mapping file for font encoding PU
)
Package hyperref Info: Hyper figures OFF on input line 4192.
Package hyperref Info: Link nesting OFF on input line 4197.
Package hyperref Info: Hyper index ON on input line 4200.
Package hyperref Info: Plain pages OFF on input line 4207.
Package hyperref Info: Backreferencing OFF on input line 4212.
Package hyperref Info: Implicit mode ON; LaTeX internals redefined.
Package hyperref Info: Bookmarks ON on input line 4445.
\c@Hy@tempcnt=\count285
 (/usr/share/texlive/texmf-dist/tex/latex/url/url.sty
\Urlmuskip=\muskip16
Package: url 2013/09/16  ver 3.4  Verb mode for urls, etc.
)
LaTeX Info: Redefining \url on input line 4804.
\XeTeXLinkMargin=\dimen144
 (/usr/share/texlive/texmf-dist/tex/generic/bitset/bitset.sty
Package: bitset 2019/12/09 v1.3 Handle bit-vector datatype (HO)
 (/usr/share/texlive/texmf-dist/tex/generic/bigintcalc/bigintcalc.sty
Package: bigintcalc 2019/12/15 v1.5 Expandable calculations on big integers (HO)
))
\Fld@menulength=\count286
\Field@Width=\dimen145
\Fld@charsize=\dimen146
Package hyperref Info: Hyper figures OFF on input line 6076.
Package hyperref Info: Link nesting OFF on input line 6081.
Package hyperref Info: Hyper index ON on input line 6084.
Package hyperref Info: backreferencing OFF on input line 6091.
Package hyperref Info: Link coloring OFF on input line 6096.
Package hyperref Info: Link coloring with OCG OFF on input line 6101.
Package hyperref Info: PDF/A mode OFF on input line 6106.
LaTeX Info: Redefining \ref on input line 6146.
LaTeX Info: Redefining \pageref on input line 6150.
 (/usr/share/texlive/texmf-dist/tex/latex/base/atbegshi-ltx.sty
Package: atbegshi-ltx 2021/01/10 v1.0c Emulation of the original atbegshi
package with kernel methods
)
\Hy@abspage=\count287
\c@Item=\count288
\c@Hfootnote=\count289
)
Package hyperref Info: Driver (autodetected): hpdftex.
 (/usr/share/texlive/texmf-dist/tex/latex/hyperref/hpdftex.def
File: hpdftex.def 2021-06-07 v7.00m Hyperref driver for pdfTeX
 (/usr/share/texlive/texmf-dist/tex/latex/base/atveryend-ltx.sty
Package: atveryend-ltx 2020/08/19 v1.0a Emulation of the original atveryend package
with kernel methods
)
\Fld@listcount=\count290
\c@bookmark@seq@number=\count291
 (/usr/share/texlive/texmf-dist/tex/latex/rerunfilecheck/rerunfilecheck.sty
Package: rerunfilecheck 2019/12/05 v1.9 Rerun checks for auxiliary files (HO)
 (/usr/share/texlive/texmf-dist/tex/generic/uniquecounter/uniquecounter.sty
Package: uniquecounter 2019/12/15 v1.4 Provide unlimited unique counter (HO)
)
Package uniquecounter Info: New unique counter `rerunfilecheck' on input line 286.
)
\Hy@SectionHShift=\skip49
) (./Phase2-Report.aux

LaTeX Warning: Label `tab:data' multiply defined.


LaTeX Warning: Label `tab:data' multiply defined.


LaTeX Warning: Label `tab:data' multiply defined.


LaTeX Warning: Label `tab:data' multiply defined.


LaTeX Warning: Label `tab:data' multiply defined.


LaTeX Warning: Label `tab:data' multiply defined.


LaTeX Warning: Label `tab:data' multiply defined.

)
\openout1 = `Phase2-Report.aux'.

LaTeX Font Info:    Checking defaults for OML/cmm/m/it on input line 13.
LaTeX Font Info:    ... okay on input line 13.
LaTeX Font Info:    Checking defaults for OMS/cmsy/m/n on input line 13.
LaTeX Font Info:    ... okay on input line 13.
LaTeX Font Info:    Checking defaults for OT1/cmr/m/n on input line 13.
LaTeX Font Info:    ... okay on input line 13.
LaTeX Font Info:    Checking defaults for T1/cmr/m/n on input line 13.
LaTeX Font Info:    ... okay on input line 13.
LaTeX Font Info:    Checking defaults for TS1/cmr/m/n on input line 13.
LaTeX Font Info:    ... okay on input line 13.
LaTeX Font Info:    Checking defaults for OMX/cmex/m/n on input line 13.
LaTeX Font Info:    ... okay on input line 13.
LaTeX Font Info:    Checking defaults for U/cmr/m/n on input line 13.
LaTeX Font Info:    ... okay on input line 13.
LaTeX Font Info:    Checking defaults for PD1/pdf/m/n on input line 13.
LaTeX Font Info:    ... okay on input line 13.
LaTeX Font Info:    Checking defaults for PU/pdf/m/n on input line 13.
LaTeX Font Info:    ... okay on input line 13.
 (/usr/share/texlive/texmf-dist/tex/context/base/mkii/supp-pdf.mkii
[Loading MPS to PDF converter (version 2006.09.02).]
\scratchcounter=\count292
\scratchdimen=\dimen147
\scratchbox=\box52
\nofMPsegments=\count293
\nofMParguments=\count294
\everyMPshowfont=\toks21
\MPscratchCnt=\count295
\MPscratchDim=\dimen148
\MPnumerator=\count296
\makeMPintoPDFobject=\count297
\everyMPtoPDFconversion=\toks22
) (/usr/share/texlive/texmf-dist/tex/latex/epstopdf-pkg/epstopdf-base.sty
Package: epstopdf-base 2020-01-24 v2.11 Base part for package epstopdf
Package epstopdf-base Info: Redefining graphics rule for `.eps' on input line 485.
 (/usr/share/texlive/texmf-dist/tex/latex/latexconfig/epstopdf-sys.cfg
File: epstopdf-sys.cfg 2010/07/13 v1.3 Configuration of (r)epstopdf for TeX Live
))
Package hyperref Info: Link coloring OFF on input line 13.
 (/usr/share/texlive/texmf-dist/tex/latex/hyperref/nameref.sty
Package: nameref 2021-04-02 v2.47 Cross-referencing by name of section
 (/usr/share/texlive/texmf-dist/tex/latex/refcount/refcount.sty
Package: refcount 2019/12/15 v3.6 Data extraction from label references (HO)
) (/usr/share/texlive/texmf-dist/tex/generic/gettitlestring/gettitlestring.sty
Package: gettitlestring 2019/12/15 v1.6 Cleanup title references (HO)
)
\c@section@level=\count298
)
LaTeX Info: Redefining \ref on input line 13.
LaTeX Info: Redefining \pageref on input line 13.
LaTeX Info: Redefining \nameref on input line 13.
 (./Phase2-Report.out) (./Phase2-Report.out)
\@outlinefile=\write4
\openout4 = `Phase2-Report.out'.

LaTeX Font Info:    External font `cmex10' loaded for size
(Font)              <12> on input line 16.
LaTeX Font Info:    External font `cmex10' loaded for size
(Font)              <8> on input line 16.
LaTeX Font Info:    External font `cmex10' loaded for size
(Font)              <6> on input line 16.

Underfull \hbox (badness 10000) in paragraph at lines 17--18

 []


Underfull \hbox (badness 10000) in paragraph at lines 19--20

 []


Underfull \hbox (badness 10000) in paragraph at lines 32--33

 []


Underfull \hbox (badness 10000) in paragraph at lines 36--37

 []

[1

{/var/lib/texmf/fonts/map/pdftex/updmap/pdftex.map}]
Underfull \hbox (badness 10000) in paragraph at lines 50--51

 []


Underfull \hbox (badness 10000) in paragraph at lines 52--56

 []

<../stats/word_embeddings_PG.png, id=41, 722.7pt x 722.7pt>
File: ../stats/word_embeddings_PG.png Graphic file (type png)
<use ../stats/word_embeddings_PG.png>
Package pdftex.def Info: ../stats/word_embeddings_PG.png  used on input line 63.
(pdftex.def)             Requested size: 345.0pt x 344.99533pt.
<../stats/word_embeddings_PG-13.png, id=43, 722.7pt x 722.7pt>
File: ../stats/word_embeddings_PG-13.png Graphic file (type png)
<use ../stats/word_embeddings_PG-13.png>
Package pdftex.def Info: ../stats/word_embeddings_PG-13.png  used on input line 69.
(pdftex.def)             Requested size: 345.0pt x 344.99533pt.
<../stats/word_embeddings_G.png, id=44, 722.7pt x 722.7pt>
File: ../stats/word_embeddings_G.png Graphic file (type png)
<use ../stats/word_embeddings_G.png>
Package pdftex.def Info: ../stats/word_embeddings_G.png  used on input line 75.
(pdftex.def)             Requested size: 345.0pt x 344.99533pt.
<../stats/word_embeddings_R.png, id=45, 722.7pt x 722.7pt>
File: ../stats/word_embeddings_R.png Graphic file (type png)
<use ../stats/word_embeddings_R.png>
Package pdftex.def Info: ../stats/word_embeddings_R.png  used on input line 81.
(pdftex.def)             Requested size: 345.0pt x 344.99533pt.
<../stats/word_embeddings_NC-17.png, id=46, 722.7pt x 722.7pt>
File: ../stats/word_embeddings_NC-17.png Graphic file (type png)
<use ../stats/word_embeddings_NC-17.png>
Package pdftex.def Info: ../stats/word_embeddings_NC-17.png  used on input line 87.
(pdftex.def)             Requested size: 345.0pt x 344.99533pt.
[2] [3 <../stats/word_embeddings_PG.png>] [4 <../stats/word_embeddings_PG-13.png>] [5 <../stats/word_embeddings_G.png>] [6 <../stats/word_embeddings_R.png>] [7 <../stats/word_embeddings_NC-17.png>]
Overfull \hbox (5.6681pt too wide) in paragraph at lines 93--93
[][]\OT1/cmr/bx/n/12 Euclidean dis-tance and co-sine sim-i-lar-ity of 20 com-mon words
 []


Underfull \hbox (badness 10000) in paragraph at lines 100--101

 []


Underfull \hbox (badness 10000) in paragraph at lines 100--101

 []

<../stats/HeatMap_G_NC-17.png, id=84, 867.24pt x 433.62pt>
File: ../stats/HeatMap_G_NC-17.png Graphic file (type png)
<use ../stats/HeatMap_G_NC-17.png>
Package pdftex.def Info: ../stats/HeatMap_G_NC-17.png  used on input line 104.
(pdftex.def)             Requested size: 345.0pt x 172.49876pt.
<../stats/HeatMap_G_PG-13.png, id=85, 867.24pt x 433.62pt>
File: ../stats/HeatMap_G_PG-13.png Graphic file (type png)
<use ../stats/HeatMap_G_PG-13.png>
Package pdftex.def Info: ../stats/HeatMap_G_PG-13.png  used on input line 110.
(pdftex.def)             Requested size: 345.0pt x 172.49876pt.
<../stats/HeatMap_PG-13_NC-17.png, id=86, 867.24pt x 433.62pt>
File: ../stats/HeatMap_PG-13_NC-17.png Graphic file (type png)
<use ../stats/HeatMap_PG-13_NC-17.png>
Package pdftex.def Info: ../stats/HeatMap_PG-13_NC-17.png  used on input line 116.
(pdftex.def)             Requested size: 345.0pt x 172.49876pt.
<../stats/HeatMap_PG_G.png, id=87, 867.24pt x 433.62pt>
File: ../stats/HeatMap_PG_G.png Graphic file (type png)
<use ../stats/HeatMap_PG_G.png>
Package pdftex.def Info: ../stats/HeatMap_PG_G.png  used on input line 122.
(pdftex.def)             Requested size: 345.0pt x 172.49876pt.
<../stats/HeatMap_PG_NC-17.png, id=88, 867.24pt x 433.62pt>
File: ../stats/HeatMap_PG_NC-17.png Graphic file (type png)
<use ../stats/HeatMap_PG_NC-17.png>
Package pdftex.def Info: ../stats/HeatMap_PG_NC-17.png  used on input line 128.
(pdftex.def)             Requested size: 345.0pt x 172.49876pt.
<../stats/HeatMap_PG_PG-13.png, id=89, 867.24pt x 433.62pt>
File: ../stats/HeatMap_PG_PG-13.png Graphic file (type png)
<use ../stats/HeatMap_PG_PG-13.png>
Package pdftex.def Info: ../stats/HeatMap_PG_PG-13.png  used on input line 134.
(pdftex.def)             Requested size: 345.0pt x 172.49876pt.
<../stats/HeatMap_PG_R.png, id=90, 867.24pt x 433.62pt>
File: ../stats/HeatMap_PG_R.png Graphic file (type png)
<use ../stats/HeatMap_PG_R.png>
Package pdftex.def Info: ../stats/HeatMap_PG_R.png  used on input line 140.
(pdftex.def)             Requested size: 345.0pt x 172.49876pt.
<../stats/HeatMap_R_G.png, id=91, 867.24pt x 433.62pt>
File: ../stats/HeatMap_R_G.png Graphic file (type png)
<use ../stats/HeatMap_R_G.png>
Package pdftex.def Info: ../stats/HeatMap_R_G.png  used on input line 146.
(pdftex.def)             Requested size: 345.0pt x 172.49876pt.
<../stats/HeatMap_R_NC-17.png, id=92, 867.24pt x 433.62pt>
File: ../stats/HeatMap_R_NC-17.png Graphic file (type png)
<use ../stats/HeatMap_R_NC-17.png>
Package pdftex.def Info: ../stats/HeatMap_R_NC-17.png  used on input line 152.
(pdftex.def)             Requested size: 345.0pt x 172.49876pt.
<../stats/HeatMap_R_PG-13.png, id=93, 867.24pt x 433.62pt>
File: ../stats/HeatMap_R_PG-13.png Graphic file (type png)
<use ../stats/HeatMap_R_PG-13.png>
Package pdftex.def Info: ../stats/HeatMap_R_PG-13.png  used on input line 158.
(pdftex.def)             Requested size: 345.0pt x 172.49876pt.
[8

 <../stats/HeatMap_G_NC-17.png>] [9 <../stats/HeatMap_G_PG-13.png> <../stats/HeatMap_PG-13_NC-17.png>] [10 <../stats/HeatMap_PG_G.png> <../stats/HeatMap_PG_NC-17.png>] [11 <../stats/HeatMap_PG_PG-13.png> <../stats/HeatMap_PG_R.png>] [12 <../stats/HeatMap_R_G.png> <../stats/HeatMap_R_NC-17.png>] [13 <../stats/HeatMap_R_PG-13.png>]
Underfull \hbox (badness 10000) in paragraph at lines 164--165

 []


Underfull \hbox (badness 10000) in paragraph at lines 166--167

 []


Underfull \hbox (badness 10000) in paragraph at lines 189--190

 []

LaTeX Font Info:    External font `cmex10' loaded for size
(Font)              <7> on input line 193.
LaTeX Font Info:    External font `cmex10' loaded for size
(Font)              <5> on input line 193.

Overfull \hbox (22.61185pt too wide) in paragraph at lines 193--194
 [][] 
 []


Overfull \hbox (22.61185pt too wide) in paragraph at lines 200--201
 [][] 
 []


Overfull \hbox (22.61185pt too wide) in paragraph at lines 207--208
 [][] 
 []


Overfull \hbox (22.61185pt too wide) in paragraph at lines 214--215
 [][] 
 []


Overfull \hbox (22.61185pt too wide) in paragraph at lines 221--222
 [][] 
 []


Overfull \hbox (17.61183pt too wide) in paragraph at lines 228--229
 [][] 
 []

[14

] [15] [16] [17

] [18]
Overfull \hbox (15.9732pt too wide) in paragraph at lines 381--382
 [][] 
 []

[19]
Underfull \hbox (badness 10000) in paragraph at lines 404--405

 []


Underfull \hbox (badness 10000) in paragraph at lines 404--405

 []

[20] (./Phase2-Report.aux)

LaTeX Warning: There were multiply-defined labels.

Package rerunfilecheck Info: File `Phase2-Report.out' has not changed.
(rerunfilecheck)             Checksum: 48ABB0EB6A7DA53C011C39E10C7AE3F9;850.
 ) 
Here is how much of TeX's memory you used:
 10315 strings out of 480247
 177962 string characters out of 5896151
 484343 words of memory out of 5000000
 28033 multiletter control sequences out of 15000+600000
 473514 words of font info for 42 fonts, out of 8000000 for 9000
 14 hyphenation exceptions out of 8191
 68i,8n,77p,662b,390s stack positions out of 5000i,500n,10000p,200000b,80000s
</usr/share/texlive/texmf-dist/fonts/type1/public/amsfonts/cm/cmbx10.pfb></usr/share/texlive/texmf-dist/fonts/type1/public/amsfonts/cm/cmbx12.pfb></usr/share/texlive/texmf-dist/fonts/type1/public/amsfonts/cm/cmr10.pfb></usr/share/texlive/texmf-dist/fonts/type1/public/amsfonts/cm/cmr12.pfb></usr/share/texlive/texmf-dist/fonts/type1/public/amsfonts/cm/cmr17.pfb>
Output written on Phase2-Report.pdf (20 pages, 1373867 bytes).
PDF statistics:
 226 PDF objects out of 1000 (max. 8388607)
 162 compressed objects within 2 object streams
 62 named destinations out of 1000 (max. 500000)
 124 words of extra memory for PDF output out of 10000 (max. 10000000)

