This is pdfTeX, Version 3.141592653-2.6-1.40.22 (TeX Live 2022/dev/Debian) (preloaded format=pdflatex 2023.4.13)  6 JUN 2023 21:44
entering extended mode
 restricted \write18 enabled.
 %&-line parsing enabled.
**Phase1-Report.tex
(./Phase1-Report.tex
LaTeX2e <2021-11-15> patch level 1
L3 programming layer <2022-01-21>
(/usr/share/texlive/texmf-dist/tex/latex/base/article.cls
Document Class: article 2021/10/04 v1.4n Standard LaTeX document class
(/usr/share/texlive/texmf-dist/tex/latex/base/size10.clo
File: size10.clo 2021/10/04 v1.4n Standard LaTeX file (size option)
)
\c@part=\count185
\c@section=\count186
\c@subsection=\count187
\c@subsubsection=\count188
\c@paragraph=\count189
\c@subparagraph=\count190
\c@figure=\count191
\c@table=\count192
\abovecaptionskip=\skip47
\belowcaptionskip=\skip48
\bibindent=\dimen138
)
(/usr/share/texlive/texmf-dist/tex/latex/blindtext/blindtext.sty
Package: blindtext 2012/01/06 V2.0 blindtext-Package

(/usr/share/texlive/texmf-dist/tex/latex/tools/xspace.sty
Package: xspace 2014/10/28 v1.13 Space after command names (DPC,MH)
)
\c@blindtext=\count193
\c@Blindtext=\count194
\c@blind@countparstart=\count195
\blind@countxx=\count196
\blindtext@numBlindtext=\count197
\blind@countyy=\count198
\c@blindlist=\count199
\c@blindlistlevel=\count266
\c@blindlist@level=\count267
\blind@listitem=\count268
\c@blind@listcount=\count269
\c@blind@levelcount=\count270
\blind@mathformula=\count271
\blind@Mathformula=\count272
\c@blind@randomcount=\count273
\c@blind@randommax=\count274
\c@blind@pangramcount=\count275
\c@blind@pangrammax=\count276
)
(/usr/share/texlive/texmf-dist/tex/latex/csvsimple/csvsimple.sty
(/usr/share/texlive/texmf-dist/tex/latex/l3packages/l3keys2e/l3keys2e.sty
(/usr/share/texlive/texmf-dist/tex/latex/l3kernel/expl3.sty
Package: expl3 2022-01-21 L3 programming layer (loader) 

(/usr/share/texlive/texmf-dist/tex/latex/l3backend/l3backend-pdftex.def
File: l3backend-pdftex.def 2022-01-12 L3 backend support: PDF output (pdfTeX)
\l__color_backend_stack_int=\count277
\l__pdf_internal_box=\box50
))
Package: l3keys2e 2022-01-12 LaTeX2e option processing using LaTeX3 keys
)
Package: csvsimple 2022/02/01 v2.3.0 LaTeX CSV file processing
)
(/usr/share/texlive/texmf-dist/tex/latex/csvsimple/csvsimple-legacy.sty
Package: csvsimple-legacy 2022/02/01 version 2.3.0 LaTeX2e CSV file processing

(/usr/share/texlive/texmf-dist/tex/latex/pgf/utilities/pgfrcs.sty
(/usr/share/texlive/texmf-dist/tex/generic/pgf/utilities/pgfutil-common.tex
\pgfutil@everybye=\toks16
\pgfutil@tempdima=\dimen139
\pgfutil@tempdimb=\dimen140

(/usr/share/texlive/texmf-dist/tex/generic/pgf/utilities/pgfutil-common-lists.t
ex)) (/usr/share/texlive/texmf-dist/tex/generic/pgf/utilities/pgfutil-latex.def
\pgfutil@abb=\box51
) (/usr/share/texlive/texmf-dist/tex/generic/pgf/utilities/pgfrcs.code.tex
(/usr/share/texlive/texmf-dist/tex/generic/pgf/pgf.revision.tex)
Package: pgfrcs 2021/05/15 v3.1.9a (3.1.9a)
))
(/usr/share/texlive/texmf-dist/tex/latex/pgf/utilities/pgfkeys.sty
(/usr/share/texlive/texmf-dist/tex/generic/pgf/utilities/pgfkeys.code.tex
\pgfkeys@pathtoks=\toks17
\pgfkeys@temptoks=\toks18

(/usr/share/texlive/texmf-dist/tex/generic/pgf/utilities/pgfkeysfiltered.code.t
ex
\pgfkeys@tmptoks=\toks19
))) (/usr/share/texlive/texmf-dist/tex/latex/base/ifthen.sty
Package: ifthen 2020/11/24 v1.1c Standard LaTeX ifthen package (DPC)
)
(/usr/share/texlive/texmf-dist/tex/latex/etoolbox/etoolbox.sty
Package: etoolbox 2020/10/05 v2.5k e-TeX tools for LaTeX (JAW)
\etb@tempcnta=\count278
)
(/usr/share/texlive/texmf-dist/tex/latex/tools/shellesc.sty
Package: shellesc 2019/11/08 v1.0c unified shell escape interface for LaTeX
Package shellesc Info: Restricted shell escape enabled on input line 77.
)
\csv@file=\read2
\c@csvinputline=\count279
\c@csvrow=\count280
\c@csvcol=\count281
\csv@out=\write3
)
(/usr/share/texlive/texmf-dist/tex/latex/graphics/graphicx.sty
Package: graphicx 2021/09/16 v1.2d Enhanced LaTeX Graphics (DPC,SPQR)

(/usr/share/texlive/texmf-dist/tex/latex/graphics/keyval.sty
Package: keyval 2014/10/28 v1.15 key=value parser (DPC)
\KV@toks@=\toks20
)
(/usr/share/texlive/texmf-dist/tex/latex/graphics/graphics.sty
Package: graphics 2021/03/04 v1.4d Standard LaTeX Graphics (DPC,SPQR)

(/usr/share/texlive/texmf-dist/tex/latex/graphics/trig.sty
Package: trig 2021/08/11 v1.11 sin cos tan (DPC)
)
(/usr/share/texlive/texmf-dist/tex/latex/graphics-cfg/graphics.cfg
File: graphics.cfg 2016/06/04 v1.11 sample graphics configuration
)
Package graphics Info: Driver file: pdftex.def on input line 107.

(/usr/share/texlive/texmf-dist/tex/latex/graphics-def/pdftex.def
File: pdftex.def 2020/10/05 v1.2a Graphics/color driver for pdftex
))
\Gin@req@height=\dimen141
\Gin@req@width=\dimen142
)
(/usr/share/texlive/texmf-dist/tex/latex/placeins/placeins.sty
Package: placeins 2005/04/18  v 2.2
)
(./Phase1-Report.aux)
\openout1 = `Phase1-Report.aux'.

LaTeX Font Info:    Checking defaults for OML/cmm/m/it on input line 12.
LaTeX Font Info:    ... okay on input line 12.
LaTeX Font Info:    Checking defaults for OMS/cmsy/m/n on input line 12.
LaTeX Font Info:    ... okay on input line 12.
LaTeX Font Info:    Checking defaults for OT1/cmr/m/n on input line 12.
LaTeX Font Info:    ... okay on input line 12.
LaTeX Font Info:    Checking defaults for T1/cmr/m/n on input line 12.
LaTeX Font Info:    ... okay on input line 12.
LaTeX Font Info:    Checking defaults for TS1/cmr/m/n on input line 12.
LaTeX Font Info:    ... okay on input line 12.
LaTeX Font Info:    Checking defaults for OMX/cmex/m/n on input line 12.
LaTeX Font Info:    ... okay on input line 12.
LaTeX Font Info:    Checking defaults for U/cmr/m/n on input line 12.
LaTeX Font Info:    ... okay on input line 12.

(/usr/share/texlive/texmf-dist/tex/context/base/mkii/supp-pdf.mkii
[Loading MPS to PDF converter (version 2006.09.02).]
\scratchcounter=\count282
\scratchdimen=\dimen143
\scratchbox=\box52
\nofMPsegments=\count283
\nofMParguments=\count284
\everyMPshowfont=\toks21
\MPscratchCnt=\count285
\MPscratchDim=\dimen144
\MPnumerator=\count286
\makeMPintoPDFobject=\count287
\everyMPtoPDFconversion=\toks22
) (/usr/share/texlive/texmf-dist/tex/latex/epstopdf-pkg/epstopdf-base.sty
Package: epstopdf-base 2020-01-24 v2.11 Base part for package epstopdf
Package epstopdf-base Info: Redefining graphics rule for `.eps' on input line 4
85.

(/usr/share/texlive/texmf-dist/tex/latex/latexconfig/epstopdf-sys.cfg
File: epstopdf-sys.cfg 2010/07/13 v1.3 Configuration of (r)epstopdf for TeX Liv
e
))
LaTeX Font Info:    External font `cmex10' loaded for size
(Font)              <12> on input line 14.
LaTeX Font Info:    External font `cmex10' loaded for size
(Font)              <8> on input line 14.
LaTeX Font Info:    External font `cmex10' loaded for size
(Font)              <6> on input line 14.

[1

{/var/lib/texmf/fonts/map/pdftex/updmap/pdftex.map}]
Overfull \hbox (20.27882pt too wide) in paragraph at lines 81--82
[]\OT1/cmr/m/n/10 I at-tempted an-other method for sen-tence to-k-eniza-tion us
-ing the \OT1/cmtt/m/n/10 sent[]tokenize
 []

[2]
LaTeX Font Info:    External font `cmex10' loaded for size
(Font)              <7> on input line 113.
LaTeX Font Info:    External font `cmex10' loaded for size
(Font)              <5> on input line 113.

Overfull \hbox (77.33405pt too wide) in paragraph at lines 113--114
 [][] 
 []

<../stats/number_of_subtitles.png, id=16, 722.7pt x 433.62pt>
File: ../stats/number_of_subtitles.png Graphic file (type png)
<use ../stats/number_of_subtitles.png>
Package pdftex.def Info: ../stats/number_of_subtitles.png  used on input line 1
20.
(pdftex.def)             Requested size: 345.0pt x 206.9972pt.
<../stats/number_of_sentences.png, id=18, 722.7pt x 433.62pt>
File: ../stats/number_of_sentences.png Graphic file (type png)
<use ../stats/number_of_sentences.png>
Package pdftex.def Info: ../stats/number_of_sentences.png  used on input line 1
26.
(pdftex.def)             Requested size: 345.0pt x 206.9972pt.
<../stats/number_of_words.png, id=19, 722.7pt x 433.62pt>
File: ../stats/number_of_words.png Graphic file (type png)
<use ../stats/number_of_words.png>
Package pdftex.def Info: ../stats/number_of_words.png  used on input line 132.
(pdftex.def)             Requested size: 345.0pt x 206.9972pt.
<../stats/number_of_unique_words.png, id=20, 722.7pt x 433.62pt>
File: ../stats/number_of_unique_words.png Graphic file (type png)
<use ../stats/number_of_unique_words.png>
Package pdftex.def Info: ../stats/number_of_unique_words.png  used on input lin
e 138.
(pdftex.def)             Requested size: 345.0pt x 206.9972pt.
[3] [4 <../stats/number_of_subtitles.png> <../stats/number_of_sentences.png>]
[5 <../stats/number_of_words.png> <../stats/number_of_unique_words.png>]
Overfull \hbox (1.96393pt too wide) in paragraph at lines 144--144
[]\OT1/cmr/bx/n/12 Number of unique words that are com-mon and non-common
 []

[6

]
<../stats/Top_10_label_G_words.png, id=37, 462.528pt x 346.896pt>
File: ../stats/Top_10_label_G_words.png Graphic file (type png)
<use ../stats/Top_10_label_G_words.png>
Package pdftex.def Info: ../stats/Top_10_label_G_words.png  used on input line 
167.
(pdftex.def)             Requested size: 345.0pt x 258.76335pt.
<../stats/Top_10_label_PG_words.png, id=38, 462.528pt x 346.896pt>
File: ../stats/Top_10_label_PG_words.png Graphic file (type png)
<use ../stats/Top_10_label_PG_words.png>
Package pdftex.def Info: ../stats/Top_10_label_PG_words.png  used on input line
 173.
(pdftex.def)             Requested size: 345.0pt x 258.76335pt.
<../stats/Top_10_label_R_words.png, id=39, 462.528pt x 346.896pt>
File: ../stats/Top_10_label_R_words.png Graphic file (type png)
<use ../stats/Top_10_label_R_words.png>
Package pdftex.def Info: ../stats/Top_10_label_R_words.png  used on input line 
179.
(pdftex.def)             Requested size: 345.0pt x 258.76335pt.
<../stats/Top_10_label_PG-13_words.png, id=40, 462.528pt x 346.896pt>
File: ../stats/Top_10_label_PG-13_words.png Graphic file (type png)
<use ../stats/Top_10_label_PG-13_words.png>
Package pdftex.def Info: ../stats/Top_10_label_PG-13_words.png  used on input l
ine 185.
(pdftex.def)             Requested size: 345.0pt x 258.76335pt.
<../stats/Top_10_label_NC-17_words.png, id=41, 462.528pt x 346.896pt>
File: ../stats/Top_10_label_NC-17_words.png Graphic file (type png)
<use ../stats/Top_10_label_NC-17_words.png>
Package pdftex.def Info: ../stats/Top_10_label_NC-17_words.png  used on input l
ine 191.
(pdftex.def)             Requested size: 345.0pt x 258.76335pt.
 [7] [8 <../stats/Top_10_label_G_words.png> <../stats/Top_10_label_PG_words.png
>] [9 <../stats/Top_10_label_R_words.png> <../stats/Top_10_label_PG-13_words.pn
g>] [10 <../stats/Top_10_label_NC-17_words.png>]
<../stats/Top_10_common_RNF_G_NC-17_words.png, id=60, 462.528pt x 346.896pt>
File: ../stats/Top_10_common_RNF_G_NC-17_words.png Graphic file (type png)
<use ../stats/Top_10_common_RNF_G_NC-17_words.png>
Package pdftex.def Info: ../stats/Top_10_common_RNF_G_NC-17_words.png  used on 
input line 201.
(pdftex.def)             Requested size: 345.0pt x 258.76335pt.
<../stats/Top_10_common_RNF_NC-17_G_words.png, id=61, 462.528pt x 346.896pt>
File: ../stats/Top_10_common_RNF_NC-17_G_words.png Graphic file (type png)
<use ../stats/Top_10_common_RNF_NC-17_G_words.png>
Package pdftex.def Info: ../stats/Top_10_common_RNF_NC-17_G_words.png  used on 
input line 208.
(pdftex.def)             Requested size: 345.0pt x 258.76335pt.
<../stats/Top_10_common_RNF_G_PG_words.png, id=62, 462.528pt x 346.896pt>
File: ../stats/Top_10_common_RNF_G_PG_words.png Graphic file (type png)
<use ../stats/Top_10_common_RNF_G_PG_words.png>
Package pdftex.def Info: ../stats/Top_10_common_RNF_G_PG_words.png  used on inp
ut line 215.
(pdftex.def)             Requested size: 345.0pt x 258.76335pt.
<../stats/Top_10_common_RNF_PG_G_words.png, id=63, 462.528pt x 346.896pt>
File: ../stats/Top_10_common_RNF_PG_G_words.png Graphic file (type png)
<use ../stats/Top_10_common_RNF_PG_G_words.png>
Package pdftex.def Info: ../stats/Top_10_common_RNF_PG_G_words.png  used on inp
ut line 222.
(pdftex.def)             Requested size: 345.0pt x 258.76335pt.
<../stats/Top_10_common_RNF_G_PG-13_words.png, id=64, 462.528pt x 346.896pt>
File: ../stats/Top_10_common_RNF_G_PG-13_words.png Graphic file (type png)
<use ../stats/Top_10_common_RNF_G_PG-13_words.png>
Package pdftex.def Info: ../stats/Top_10_common_RNF_G_PG-13_words.png  used on 
input line 229.
(pdftex.def)             Requested size: 345.0pt x 258.76335pt.
<../stats/Top_10_common_RNF_PG-13_G_words.png, id=65, 462.528pt x 346.896pt>
File: ../stats/Top_10_common_RNF_PG-13_G_words.png Graphic file (type png)
<use ../stats/Top_10_common_RNF_PG-13_G_words.png>
Package pdftex.def Info: ../stats/Top_10_common_RNF_PG-13_G_words.png  used on 
input line 236.
(pdftex.def)             Requested size: 345.0pt x 258.76335pt.
<../stats/Top_10_common_RNF_G_R_words.png, id=66, 462.528pt x 346.896pt>
File: ../stats/Top_10_common_RNF_G_R_words.png Graphic file (type png)
<use ../stats/Top_10_common_RNF_G_R_words.png>
Package pdftex.def Info: ../stats/Top_10_common_RNF_G_R_words.png  used on inpu
t line 243.
(pdftex.def)             Requested size: 345.0pt x 258.76335pt.
<../stats/Top_10_common_RNF_R_G_words.png, id=67, 462.528pt x 346.896pt>
File: ../stats/Top_10_common_RNF_R_G_words.png Graphic file (type png)
<use ../stats/Top_10_common_RNF_R_G_words.png>
Package pdftex.def Info: ../stats/Top_10_common_RNF_R_G_words.png  used on inpu
t line 250.
(pdftex.def)             Requested size: 345.0pt x 258.76335pt.
<../stats/Top_10_common_RNF_NC-17_PG_words.png, id=68, 462.528pt x 346.896pt>
File: ../stats/Top_10_common_RNF_NC-17_PG_words.png Graphic file (type png)
<use ../stats/Top_10_common_RNF_NC-17_PG_words.png>
Package pdftex.def Info: ../stats/Top_10_common_RNF_NC-17_PG_words.png  used on
 input line 257.
(pdftex.def)             Requested size: 345.0pt x 258.76335pt.
<../stats/Top_10_common_RNF_PG_NC-17_words.png, id=69, 462.528pt x 346.896pt>
File: ../stats/Top_10_common_RNF_PG_NC-17_words.png Graphic file (type png)
<use ../stats/Top_10_common_RNF_PG_NC-17_words.png>
Package pdftex.def Info: ../stats/Top_10_common_RNF_PG_NC-17_words.png  used on
 input line 264.
(pdftex.def)             Requested size: 345.0pt x 258.76335pt.
<../stats/Top_10_common_RNF_NC-17_PG-13_words.png, id=70, 462.528pt x 346.896pt
>
File: ../stats/Top_10_common_RNF_NC-17_PG-13_words.png Graphic file (type png)
<use ../stats/Top_10_common_RNF_NC-17_PG-13_words.png>
Package pdftex.def Info: ../stats/Top_10_common_RNF_NC-17_PG-13_words.png  used
 on input line 271.
(pdftex.def)             Requested size: 345.0pt x 258.76335pt.
<../stats/Top_10_common_RNF_PG-13_NC-17_words.png, id=71, 462.528pt x 346.896pt
>
File: ../stats/Top_10_common_RNF_PG-13_NC-17_words.png Graphic file (type png)
<use ../stats/Top_10_common_RNF_PG-13_NC-17_words.png>
Package pdftex.def Info: ../stats/Top_10_common_RNF_PG-13_NC-17_words.png  used
 on input line 278.
(pdftex.def)             Requested size: 345.0pt x 258.76335pt.
<../stats/Top_10_common_RNF_NC-17_R_words.png, id=72, 462.528pt x 346.896pt>
File: ../stats/Top_10_common_RNF_NC-17_R_words.png Graphic file (type png)
<use ../stats/Top_10_common_RNF_NC-17_R_words.png>
Package pdftex.def Info: ../stats/Top_10_common_RNF_NC-17_R_words.png  used on 
input line 285.
(pdftex.def)             Requested size: 345.0pt x 258.76335pt.
<../stats/Top_10_common_RNF_R_NC-17_words.png, id=73, 462.528pt x 346.896pt>
File: ../stats/Top_10_common_RNF_R_NC-17_words.png Graphic file (type png)
<use ../stats/Top_10_common_RNF_R_NC-17_words.png>
Package pdftex.def Info: ../stats/Top_10_common_RNF_R_NC-17_words.png  used on 
input line 292.
(pdftex.def)             Requested size: 345.0pt x 258.76335pt.
<../stats/Top_10_common_RNF_PG_PG-13_words.png, id=74, 462.528pt x 346.896pt>
File: ../stats/Top_10_common_RNF_PG_PG-13_words.png Graphic file (type png)
<use ../stats/Top_10_common_RNF_PG_PG-13_words.png>
Package pdftex.def Info: ../stats/Top_10_common_RNF_PG_PG-13_words.png  used on
 input line 299.
(pdftex.def)             Requested size: 345.0pt x 258.76335pt.
<../stats/Top_10_common_RNF_PG-13_PG_words.png, id=75, 462.528pt x 346.896pt>
File: ../stats/Top_10_common_RNF_PG-13_PG_words.png Graphic file (type png)
<use ../stats/Top_10_common_RNF_PG-13_PG_words.png>
Package pdftex.def Info: ../stats/Top_10_common_RNF_PG-13_PG_words.png  used on
 input line 306.
(pdftex.def)             Requested size: 345.0pt x 258.76335pt.
<../stats/Top_10_common_RNF_PG_R_words.png, id=76, 462.528pt x 346.896pt>
File: ../stats/Top_10_common_RNF_PG_R_words.png Graphic file (type png)
<use ../stats/Top_10_common_RNF_PG_R_words.png>
Package pdftex.def Info: ../stats/Top_10_common_RNF_PG_R_words.png  used on inp
ut line 313.
(pdftex.def)             Requested size: 345.0pt x 258.76335pt.
<../stats/Top_10_common_RNF_R_PG_words.png, id=77, 462.528pt x 346.896pt>
File: ../stats/Top_10_common_RNF_R_PG_words.png Graphic file (type png)
<use ../stats/Top_10_common_RNF_R_PG_words.png>
Package pdftex.def Info: ../stats/Top_10_common_RNF_R_PG_words.png  used on inp
ut line 320.
(pdftex.def)             Requested size: 345.0pt x 258.76335pt.
<../stats/Top_10_common_RNF_PG-13_R_words.png, id=78, 462.528pt x 346.896pt>
File: ../stats/Top_10_common_RNF_PG-13_R_words.png Graphic file (type png)
<use ../stats/Top_10_common_RNF_PG-13_R_words.png>
Package pdftex.def Info: ../stats/Top_10_common_RNF_PG-13_R_words.png  used on 
input line 327.
(pdftex.def)             Requested size: 345.0pt x 258.76335pt.
<../stats/Top_10_common_RNF_R_PG-13_words.png, id=79, 462.528pt x 346.896pt>
File: ../stats/Top_10_common_RNF_R_PG-13_words.png Graphic file (type png)
<use ../stats/Top_10_common_RNF_R_PG-13_words.png>
Package pdftex.def Info: ../stats/Top_10_common_RNF_R_PG-13_words.png  used on 
input line 334.
(pdftex.def)             Requested size: 345.0pt x 258.76335pt.
 [11

 <../stats/Top_10_common_RNF_G_NC-17_words.png>] [12 <../stats/Top_10_common_RN
F_NC-17_G_words.png> <../stats/Top_10_common_RNF_G_PG_words.png>] [13 <../stats
/Top_10_common_RNF_PG_G_words.png> <../stats/Top_10_common_RNF_G_PG-13_words.pn
g>] [14 <../stats/Top_10_common_RNF_PG-13_G_words.png> <../stats/Top_10_common_
RNF_G_R_words.png>]
[15 <../stats/Top_10_common_RNF_R_G_words.png> <../stats/Top_10_common_RNF_NC-1
7_PG_words.png>] [16 <../stats/Top_10_common_RNF_PG_NC-17_words.png> <../stats/
Top_10_common_RNF_NC-17_PG-13_words.png>] [17 <../stats/Top_10_common_RNF_PG-13
_NC-17_words.png> <../stats/Top_10_common_RNF_NC-17_R_words.png>] [18 <../stats
/Top_10_common_RNF_R_NC-17_words.png> <../stats/Top_10_common_RNF_PG_PG-13_word
s.png>] [19 <../stats/Top_10_common_RNF_PG-13_PG_words.png> <../stats/Top_10_co
mmon_RNF_PG_R_words.png>] [20 <../stats/Top_10_common_RNF_R_PG_words.png> <../s
tats/Top_10_common_RNF_PG-13_R_words.png>] [21 <../stats/Top_10_common_RNF_R_PG
-13_words.png>]
<../stats/Top_10_TF_IDF_G_words.png, id=135, 578.16pt x 578.16pt>
File: ../stats/Top_10_TF_IDF_G_words.png Graphic file (type png)
<use ../stats/Top_10_TF_IDF_G_words.png>
Package pdftex.def Info: ../stats/Top_10_TF_IDF_G_words.png  used on input line
 345.
(pdftex.def)             Requested size: 345.0pt x 344.99312pt.
<../stats/Top_10_TF_IDF_PG_words.png, id=136, 578.16pt x 578.16pt>
File: ../stats/Top_10_TF_IDF_PG_words.png Graphic file (type png)
<use ../stats/Top_10_TF_IDF_PG_words.png>
Package pdftex.def Info: ../stats/Top_10_TF_IDF_PG_words.png  used on input lin
e 351.
(pdftex.def)             Requested size: 345.0pt x 344.99312pt.
<../stats/Top_10_TF_IDF_PG-13_words.png, id=137, 578.16pt x 578.16pt>
File: ../stats/Top_10_TF_IDF_PG-13_words.png Graphic file (type png)
<use ../stats/Top_10_TF_IDF_PG-13_words.png>
Package pdftex.def Info: ../stats/Top_10_TF_IDF_PG-13_words.png  used on input 
line 357.
(pdftex.def)             Requested size: 345.0pt x 344.99312pt.
<../stats/Top_10_TF_IDF_R_words.png, id=138, 578.16pt x 578.16pt>
File: ../stats/Top_10_TF_IDF_R_words.png Graphic file (type png)
<use ../stats/Top_10_TF_IDF_R_words.png>
Package pdftex.def Info: ../stats/Top_10_TF_IDF_R_words.png  used on input line
 363.
(pdftex.def)             Requested size: 345.0pt x 344.99312pt.
<../stats/Top_10_TF_IDF_NC-17_words.png, id=139, 578.16pt x 578.16pt>
File: ../stats/Top_10_TF_IDF_NC-17_words.png Graphic file (type png)
<use ../stats/Top_10_TF_IDF_NC-17_words.png>
Package pdftex.def Info: ../stats/Top_10_TF_IDF_NC-17_words.png  used on input 
line 369.
(pdftex.def)             Requested size: 345.0pt x 344.99312pt.
 [22

 <../stats/Top_10_TF_IDF_G_words.png>] [23 <../stats/Top_10_TF_IDF_PG_words.png
>] [24 <../stats/Top_10_TF_IDF_PG-13_words.png>] [25 <../stats/Top_10_TF_IDF_R_
words.png>] [26 <../stats/Top_10_TF_IDF_NC-17_words.png>]
<../stats/Top_15_Freq__Histogram_G_Words.png, id=161, 578.16pt x 578.16pt>
File: ../stats/Top_15_Freq__Histogram_G_Words.png Graphic file (type png)
<use ../stats/Top_15_Freq__Histogram_G_Words.png>
Package pdftex.def Info: ../stats/Top_15_Freq__Histogram_G_Words.png  used on i
nput line 379.
(pdftex.def)             Requested size: 345.0pt x 344.99312pt.
<../stats/Top_15_Freq__Histogram_PG_Words.png, id=162, 578.16pt x 578.16pt>
File: ../stats/Top_15_Freq__Histogram_PG_Words.png Graphic file (type png)
<use ../stats/Top_15_Freq__Histogram_PG_Words.png>
Package pdftex.def Info: ../stats/Top_15_Freq__Histogram_PG_Words.png  used on 
input line 385.
(pdftex.def)             Requested size: 345.0pt x 344.99312pt.
<../stats/Top_15_Freq__Histogram_PG-13_Words.png, id=163, 578.16pt x 578.16pt>
File: ../stats/Top_15_Freq__Histogram_PG-13_Words.png Graphic file (type png)
<use ../stats/Top_15_Freq__Histogram_PG-13_Words.png>
Package pdftex.def Info: ../stats/Top_15_Freq__Histogram_PG-13_Words.png  used 
on input line 391.
(pdftex.def)             Requested size: 345.0pt x 344.99312pt.
<../stats/Top_15_Freq__Histogram_R_Words.png, id=164, 578.16pt x 578.16pt>
File: ../stats/Top_15_Freq__Histogram_R_Words.png Graphic file (type png)
<use ../stats/Top_15_Freq__Histogram_R_Words.png>
Package pdftex.def Info: ../stats/Top_15_Freq__Histogram_R_Words.png  used on i
nput line 397.
(pdftex.def)             Requested size: 345.0pt x 344.99312pt.
<../stats/Top_15_Freq__Histogram_NC-17_Words.png, id=165, 578.16pt x 578.16pt>
File: ../stats/Top_15_Freq__Histogram_NC-17_Words.png Graphic file (type png)
<use ../stats/Top_15_Freq__Histogram_NC-17_Words.png>
Package pdftex.def Info: ../stats/Top_15_Freq__Histogram_NC-17_Words.png  used 
on input line 403.
(pdftex.def)             Requested size: 345.0pt x 344.99312pt.

[27

 <../stats/Top_15_Freq__Histogram_G_Words.png>] [28 <../stats/Top_15_Freq__Hist
ogram_PG_Words.png>] [29 <../stats/Top_15_Freq__Histogram_PG-13_Words.png>]
[30 <../stats/Top_15_Freq__Histogram_R_Words.png>] [31 <../stats/Top_15_Freq__H
istogram_NC-17_Words.png>] (./Phase1-Report.aux)

LaTeX Warning: Label(s) may have changed. Rerun to get cross-references right.

 ) 
Here is how much of TeX's memory you used:
 3575 strings out of 480247
 78347 string characters out of 5896151
 355141 words of memory out of 5000000
 21444 multiletter control sequences out of 15000+600000
 474017 words of font info for 44 fonts, out of 8000000 for 9000
 14 hyphenation exceptions out of 8191
 68i,8n,77p,713b,299s stack positions out of 5000i,500n,10000p,200000b,80000s
 </home/baktash/.texlive2021/texmf-var/fonts/pk/ljfour/jknappen/ec/tcrm1000.6
00pk></usr/share/texlive/texmf-dist/fonts/type1/public/amsfonts/cm/cmbx10.pfb><
/usr/share/texlive/texmf-dist/fonts/type1/public/amsfonts/cm/cmbx12.pfb></usr/s
hare/texlive/texmf-dist/fonts/type1/public/amsfonts/cm/cmr10.pfb></usr/share/te
xlive/texmf-dist/fonts/type1/public/amsfonts/cm/cmr12.pfb></usr/share/texlive/t
exmf-dist/fonts/type1/public/amsfonts/cm/cmr17.pfb></usr/share/texlive/texmf-di
st/fonts/type1/public/amsfonts/cm/cmtt10.pfb>
Output written on Phase1-Report.pdf (31 pages, 885894 bytes).
PDF statistics:
 218 PDF objects out of 1000 (max. 8388607)
 93 compressed objects within 1 object stream
 0 named destinations out of 1000 (max. 500000)
 196 words of extra memory for PDF output out of 10000 (max. 10000000)

