2023-07-10 13:14:09  Saved model parameters at Epoch 1
2023-07-10 13:28:25  Saved model parameters at Epoch 1
2023-07-10 13:28:57  
Epoch 1
2023-07-10 13:28:57  Training loss: 0.6671993594771609
2023-07-10 13:28:57  Validation loss: 2.1782671771069833
2023-07-10 13:28:57  F1 Score (Weighted): 0.2792766728078825
2023-07-10 13:40:28  Saved model parameters at Epoch 2
2023-07-10 13:40:59  
Epoch 2
2023-07-10 13:40:59  Training loss: 1.4435720375404055
2023-07-10 13:40:59  Validation loss: 1.5950038261505077
2023-07-10 13:40:59  F1 Score (Weighted): 0.29244161645867106
2023-07-10 13:52:29  Saved model parameters at Epoch 3
2023-07-10 13:53:01  
Epoch 3
2023-07-10 13:53:01  Training loss: 1.372388350027958
2023-07-10 13:53:01  Validation loss: 1.6191419785592094
2023-07-10 13:53:01  F1 Score (Weighted): 0.29038414496076476
2023-07-10 14:04:37  Saved model parameters at Epoch 4
2023-07-10 14:05:08  
Epoch 4
2023-07-10 14:05:08  Training loss: 1.3579791197327151
2023-07-10 14:05:08  Validation loss: 1.6191419785592094
2023-07-10 14:05:08  F1 Score (Weighted): 0.29038414496076476
2023-07-10 14:16:46  Saved model parameters at Epoch 5
2023-07-10 14:17:18  
Epoch 5
2023-07-10 14:17:18  Training loss: 1.3588990357531097
2023-07-10 14:17:18  Validation loss: 1.6191419785592094
2023-07-10 14:17:18  F1 Score (Weighted): 0.29038414496076476
